# Unified Verification Trace: hr.screenings (V21.7)
# Timestamp: 2026-02-09T08:01:30
# Entity: hr.screenings

## Phase 1: Blueprint Audit
- **Classification**: `master`
- **Form Type**: `dependent`
- **AI Resolution**: `resolve_parent`
- **Result**: ✅ ALIGNED

## Phase 2: Provisioning (Bootstrap)
### Action: `core.comp_util_ops_bootstrap_entity`
### Input Payload (SQL):
```sql
SELECT core.comp_util_ops_bootstrap_entity('hr', 'screenings', NULL, true);
```
- **Status**: ✅ SUCCESS

## Phase 3: Form Generation (Minimal)
### Action: `core.api_new_generate_form_schema`
### Input Payload (Config):
```json
{
  "entity": "hr.screenings",
  "config": { "mode": "minimal" }
}
```
### Resulting Schema:
```json
{
  "db_schema": { "table": "hr.screenings" },
  "data_schema": {
    "type": "object",
    "required": ["details"],
    "properties": {
      "details": {
        "type": "object",
        "required": ["orderStatus"],
        "properties": {
          "orderStatus": { "type": "string" }
        }
      }
    }
  }
}
```

## Phase 4: E2E Upsert (Direct Payload)
### API: `core.api_new_core_upsert_data`
### Payload:
```json
{
  "organization_id": "a41b2216-736c-4c00-99ca-30a0cd8ca0d2",
  "candidate_id": "24beccb8-6bde-4d87-80c9-e5c113dbe853",
  "details": {
    "orderStatus": "scheduled"
  }
}
```
- **Record ID**: 8649e6d6-a0a0-41a7-aede-f45b433886ea
- **Status**: ✅ SUCCESS

## Phase 5: Logical Resolution (Fetch)
### API: `core.api_new_fetch_entity_records`
### Payload (Config):
```json
{
  "entity_schema": "hr",
  "entity_name": "screenings",
  "organization_id": "a41b2216-736c-4c00-99ca-30a0cd8ca0d2",
  "filters": [
    { "key": "id", "value": "8649e6d6-a0a0-41a7-aede-f45b433886ea" }
  ]
}
```
- **Resolved Fields**:
  - `status`: scheduled
  - `details__orderStatus`: scheduled
  - `display_id`: SCR-00005
- **Status**: ✅ SUCCESS

## Phase 6: Verification Conclusion
Screenings entity is fully operational, maintaining link to parent candidate and projecting high-fidelity status.
