# Unified Verification Trace: hr.requisitions (V21.7)
# Timestamp: 2026-02-09T08:25:30
# Entity: hr.requisitions

## Phase 1: Blueprint Audit
- **Classification**: `master`
- **Form Type**: `simple`
- **AI Resolution**: `direct`
- **Result**: ✅ ALIGNED

## Phase 2: Provisioning (Bootstrap)
### Action: `core.comp_util_ops_bootstrap_entity`
- **Status**: ✅ SUCCESS

## Phase 3: Form Generation (Minimal)
### Action: `core.api_new_generate_form_schema`
### Resulting Schema:
```json
{
  "db_schema": { "table": "hr.requisitions" },
  "data_schema": {
    "type": "object",
    "required": ["details"],
    "properties": {
      "details": {
        "type": "object",
        "required": ["positionProfile", "status"],
        "properties": {
          "status": { "type": "string" },
          "positionProfile": {
            "type": "object",
            "required": ["positionTitle"]
          }
        }
      }
    }
  }
}
```

## Phase 4: E2E Upsert (Direct Payload)
### API: `core.api_new_core_upsert_data`
### Payload:
```json
{
  "organization_id": "a41b2216-736c-4c00-99ca-30a0cd8ca0d2",
  "display_id": "REQ-2026-001",
  "details": {
    "status": "open",
    "positionProfile": {
      "positionTitle": "Senior Software Engineer",
      "department": "Engineering"
    }
  }
}
```
- **Record ID**: f8dc6ce1-20fd-4a2f-bfb1-e2e997907cda
- **Status**: ✅ SUCCESS

## Phase 5: Logical Resolution (Fetch)
### API: `core.api_new_fetch_entity_records`
- **Resolved Fields**:
  - `title`: Senior Software Engineer
  - `status`: open
  - `department`: Engineering
  - `details__positionProfile__positionTitle`: Senior Software Engineer
- **Status**: ✅ SUCCESS

## Phase 6: Verification Conclusion
Requisitions entity verified. System successfully enforces nested JSONB constraints and projects them into the logical layer.
