# Unified Verification Trace: hr.requisitions (V21.7)
# Timestamp: 2026-02-09T07:58:30
# Entity: hr.requisitions

## Phase 1: Blueprint Audit
- **Classification**: `master`
- **Form Type**: `simple`
- **AI Resolution**: `direct`
- **Result**: ✅ ALIGNED

## Phase 2: Provisioning (Bootstrap)
### Action: `core.comp_util_ops_bootstrap_entity`
### Input Payload (SQL):
```sql
SELECT core.comp_util_ops_bootstrap_entity('hr', 'requisitions', NULL, true);
```
- **Status**: ✅ SUCCESS

## Phase 3: Form Generation (Minimal)
### Action: `core.api_new_generate_form_schema`
### Input Payload (Config):
```json
{
  "entity": "hr.requisitions",
  "config": { "mode": "minimal" }
}
```
### Resulting Schema:
```json
{
  "db_schema": { "table": "hr.requisitions" },
  "data_schema": {
    "type": "object",
    "required": ["details"],
    "properties": {
      "details": {
        "type": "object",
        "required": ["positionProfile", "status"],
        "properties": {
          "status": { "type": "string" },
          "positionProfile": {
            "type": "object",
            "required": ["positionTitle"],
            "properties": { "positionTitle": { "type": "string" }, "department": { "type": "string" } }
          }
        }
      }
    }
  }
}
```

## Phase 4: E2E Upsert (Direct Payload)
### API: `core.api_new_core_upsert_data`
### Payload:
```json
{
  "organization_id": "a41b2216-736c-4c00-99ca-30a0cd8ca0d2",
  "details": {
    "status": "approved",
    "positionProfile": {
      "positionTitle": "V4 Life Cycle Architect",
      "department": "Engineering"
    }
  }
}
```
- **Record ID**: f18c295b-77a3-4a25-863d-d1aa12794bc3
- **Status**: ✅ SUCCESS

## Phase 5: Logical Resolution (Fetch)
### API: `core.api_new_fetch_entity_records`
### Payload (Config):
```json
{
  "entity_schema": "hr",
  "entity_name": "requisitions",
  "organization_id": "a41b2216-736c-4c00-99ca-30a0cd8ca0d2",
  "filters": [
    { "key": "id", "value": "f18c295b-77a3-4a25-863d-d1aa12794bc3" }
  ]
}
```
- **Resolved Fields**:
  - `title`: V4 Life Cycle Architect
  - `status`: approved
  - `department`: Engineering
  - `display_id`: REQ-00011
- **Status**: ✅ SUCCESS

## Phase 6: Verification Conclusion
Requisitions entity is fully operational and correctly projects virtual fields from nested JSONB structures.
